2013-12-17 04:32:11 Dropship moved from tripoli to ludwig
2013-12-17 04:32:21 Moved CN9-A to planet ludwig
2013-12-17 04:32:23 Moved CPLT-A1 to planet ludwig
2013-12-17 04:32:23 Moved CTF-3D to planet ludwig
2013-12-17 04:32:24 Moved HBK-4P to planet ludwig
2013-12-17 04:32:24 Moved HGN-733C to planet ludwig
2013-12-17 04:32:26 Moved JM6-S to planet ludwig
2013-12-17 04:32:27 Moved JR7-D to planet ludwig
2013-12-17 04:32:27 Moved JR7-F to planet ludwig
2013-12-17 04:32:28 Moved STK-M to planet ludwig
2013-12-17 04:32:28 Moved VTR-DS to planet ludwig
2013-12-18 02:49:42 Dropship moved from clovis to tripoli
2013-12-18 02:50:29 Moved HGN-733C to dropship 144
2013-12-18 02:50:31 Moved JR7-K to dropship 144
2013-12-18 02:50:32 Moved ON1-V to dropship 144
2013-12-18 02:50:45 Moved CN9-A to dropship 186
2013-12-18 02:50:46 Moved CPLT-A1 to dropship 186
2013-12-18 02:50:46 Moved CTF-3D to dropship 186
2013-12-18 02:50:46 Moved HBK-4P to dropship 186
2013-12-18 02:50:47 Moved HGN-733C to dropship 186
2013-12-18 02:50:48 Moved JM6-S to dropship 186
2013-12-18 02:50:48 Moved JR7-D to dropship 186
2013-12-18 02:50:49 Moved JR7-F to dropship 186
2013-12-18 02:50:50 Moved STK-M to dropship 186
2013-12-18 02:50:50 Moved VTR-DS to dropship 186
2013-12-18 02:51:10 Moved CN9-A to planet ludwig
2013-12-18 02:51:10 Moved CPLT-A1 to planet ludwig
2013-12-18 02:51:11 Moved CTF-3D to planet ludwig
2013-12-18 02:51:11 Moved HBK-4P to planet ludwig
2013-12-18 02:51:12 Moved HGN-733C to planet ludwig
2013-12-18 02:51:13 Moved JM6-S to planet ludwig
2013-12-18 02:51:14 Moved JR7-D to planet ludwig
2013-12-18 02:51:14 Moved JR7-F to planet ludwig
2013-12-18 02:51:15 Moved STK-M to planet ludwig
2013-12-18 02:51:15 Moved VTR-DS to planet ludwig
2013-12-18 02:52:00 Dropship moved from krievci to dukambia
2013-12-19 00:32:09 Moved CTF-3D to dropship 133
2013-12-19 00:32:10 Moved HGN-733C to dropship 133
2013-12-19 00:32:17 Moved SHD-2H to dropship 133
2013-12-19 00:32:58 Moved CN9-A to dropship 133
2013-12-19 00:36:39 Moved HBK-4G to dropship 133
2013-12-19 00:36:59 Moved SHD-2H to dropship 174
2013-12-19 00:37:00 Moved STK-M to dropship 174
2013-12-19 00:37:10 Moved JR7-K to dropship 174
2013-12-19 00:37:15 Moved CN9-A to dropship 174
2013-12-19 00:38:07 Moved CTF-3D to dropship 133
2013-12-19 00:46:05 Moved CN9-A to dropship 186
2013-12-19 00:46:06 Moved CPLT-A1 to dropship 186
2013-12-19 00:46:07 Moved CTF-3D to dropship 186
2013-12-19 00:46:07 Moved HBK-4P to dropship 186
2013-12-19 00:46:07 Moved HGN-733C to dropship 186
2013-12-19 00:46:09 Moved JM6-S to dropship 186
2013-12-19 00:46:09 Moved JR7-D to dropship 186
2013-12-19 00:46:10 Moved JR7-F to dropship 186
2013-12-19 00:46:11 Moved STK-M to dropship 186
2013-12-19 00:46:11 Moved VTR-DS to dropship 186
2013-12-19 00:46:18 Dropship moved from ludwig to waddesdon
2013-12-19 00:46:26 Moved CN9-A to planet waddesdon
2013-12-19 00:46:27 Moved CPLT-A1 to planet waddesdon
2013-12-19 00:46:27 Moved CTF-3D to planet waddesdon
2013-12-19 00:46:28 Moved HBK-4P to planet waddesdon
2013-12-19 00:46:28 Moved HGN-733C to planet waddesdon
2013-12-19 00:46:30 Moved JM6-S to planet waddesdon
2013-12-19 00:46:30 Moved JR7-D to planet waddesdon
2013-12-19 00:46:31 Moved JR7-F to planet waddesdon
2013-12-19 00:46:32 Moved STK-M to planet waddesdon
2013-12-19 00:46:33 Moved VTR-DS to planet waddesdon
2013-12-19 00:49:20 Sold TDR-5SS
2013-12-19 07:33:00 Dropship moved from dukambia to pandora
2013-12-19 07:33:30 Dropship moved from tripoli to ludwig
2013-12-19 23:54:02 Moved SHD-2H to dropship 133
2013-12-19 23:54:04 Moved HGN-733C to dropship 133
2013-12-19 23:54:06 Moved JR7-F to dropship 133
2013-12-19 23:54:43 Dropship moved from port moseby to vega
2013-12-19 23:54:51 Dropship moved from port moseby to vega
2013-12-19 23:55:40 Moved KTO-18 to dropship 133
2013-12-19 23:55:40 Moved JR7-D to dropship 133
2013-12-19 23:55:44 Moved HBK-4SP to dropship 133
2013-12-19 23:56:09 Moved JM6-S to dropship 174
2013-12-19 23:56:11 Moved JR7-D to dropship 174
2013-12-19 23:56:15 Moved JR7-K to dropship 174
2013-12-19 23:56:23 Moved KTO-18 to dropship 174
2013-12-20 00:39:18 Moved CN9-A to dropship 186
2013-12-20 00:39:19 Moved HBK-4P to dropship 186
2013-12-20 00:39:20 Moved JR7-D to dropship 186
2013-12-20 00:39:21 Moved JR7-F to dropship 186
2013-12-20 00:39:24 Moved CPLT-A1 to dropship 186
2013-12-20 00:39:39 Moved CTF-3D to dropship 186
2013-12-20 00:39:40 Moved JM6-S to dropship 186
2013-12-20 00:39:42 Moved VTR-DS to dropship 186
2013-12-20 00:40:31 Bought SDR-5V
2013-12-20 00:40:33 Bought SDR-5V
2013-12-20 00:40:35 Moved SDR-5V to dropship 186
2013-12-20 00:40:45 Moved VTR-DS to planet waddesdon
2013-12-20 00:46:19 Dropship moved from waddesdon to aix-la-chapelle
2013-12-20 12:25:30 Dropship moved from pandora to port moseby
2013-12-20 12:25:57 Dropship moved from ludwig to waddesdon
2013-12-21 00:01:07 Dropship moved from vega to gram
2013-12-21 00:05:14 Sold ON1-V
2013-12-21 00:05:24 Moved CPLT-A1 to planet waddesdon
2013-12-21 00:05:25 Moved CTF-3D to planet waddesdon
2013-12-21 00:05:25 Moved HBK-4P to planet waddesdon
2013-12-21 00:05:27 Moved JR7-D to planet waddesdon
2013-12-21 00:05:29 Moved JR7-F to planet waddesdon
2013-12-21 00:05:30 Moved JR7-K to planet waddesdon
2013-12-21 03:04:55 Dropship moved from vega to gram
2013-12-21 03:05:15 Moved AS7-D to planet gram
2013-12-21 03:05:16 Moved AS7-RS to planet gram
2013-12-21 03:05:17 Moved BLR-1G to planet gram
2013-12-21 03:05:18 Moved CDA-2A to planet gram
2013-12-21 03:05:20 Moved CTF-3D to planet gram
2013-12-21 03:05:20 Moved CTF-IM to planet gram
2013-12-21 03:05:21 Moved HBK-4G to planet gram
2013-12-21 03:05:22 Moved HBK-4P to planet gram
2013-12-21 03:05:22 Moved HBK-4SP to planet gram
2013-12-21 03:05:23 Moved HGN-733C to planet gram
2013-12-21 03:05:23 Moved JR7-D to planet gram
2013-12-21 03:05:25 Moved JR7-F to planet gram
2013-12-21 03:05:26 Moved JR7-K to planet gram
2013-12-21 03:05:28 Moved KTO-18 to planet gram
2013-12-21 03:05:28 Moved SHD-2H to planet gram
2013-12-21 03:05:29 Moved STK-M to planet gram
2013-12-21 15:01:17 Dropship moved from port moseby to vega
2013-12-21 15:01:24 Moved KTO-18 to dropship 159
2013-12-21 15:01:25 Moved SDR-5D to dropship 159
2013-12-21 15:02:34 Dropship moved from waddesdon to ozawa
2013-12-21 15:02:42 Moved CN9-AL to dropship 144
2013-12-21 15:02:46 Moved CTF-3D to dropship 144
2013-12-21 15:02:47 Moved CTF-IM to dropship 144
2013-12-21 15:02:48 Moved HGN-733C to dropship 144
2013-12-21 15:02:49 Moved JR7-K to dropship 144
2013-12-21 22:03:16 Dropship moved from gram to aix-la-chapelle
2013-12-22 09:57:45 Dropship moved from gram to tukayyid
2013-12-22 09:58:27 Moved SHD-2H to dropship 133
2013-12-22 09:58:29 Moved JR7-K to dropship 133
2013-12-22 09:58:30 Moved JR7-F to dropship 133
2013-12-22 09:58:31 Moved JR7-D to dropship 133
2013-12-22 09:58:33 Moved HBK-4P to dropship 133
2013-12-22 09:58:34 Moved CTF-3D to dropship 133
2013-12-22 09:58:36 Moved AS7-RS to dropship 133
2013-12-22 09:58:37 Moved AS7-D to dropship 133
2013-12-22 09:58:38 Moved CDA-2A to dropship 133
2013-12-23 06:14:10 Moved BLR-1G to dropship 133
2013-12-23 06:14:12 Moved HBK-4G to dropship 133
2013-12-23 06:14:20 Dropship moved from gram to aix-la-chapelle
2013-12-23 06:14:28 Dropship moved from vega to gram
2013-12-23 06:24:26 Dropship moved from ozawa to biham
2013-12-23 06:24:34 Moved BJ-1 to dropship 144
2013-12-23 06:24:35 Moved BLR-1S to dropship 144
2013-12-23 06:41:32 Moved AS7-D to dropship 142
2013-12-23 06:41:33 Moved AS7-RS to dropship 142
2013-12-23 06:41:34 Moved BLR-1G to dropship 142
2013-12-23 06:41:40 Moved BLR-1G to dropship 186
2013-12-23 06:41:42 Moved CDA-2A to dropship 186
2013-12-23 06:41:46 Moved CTF-3D to dropship 186
2013-12-23 06:41:50 Moved HBK-4G to dropship 192
2013-12-23 06:41:52 Moved HBK-4P to dropship 192
2013-12-23 06:41:53 Moved JR7-D to dropship 192
2013-12-23 06:41:55 Moved JR7-F to dropship 192
2013-12-23 13:13:09 Dropship moved from tukayyid to tamar
2013-12-24 07:09:00 Dropship moved from biham to shitara
2013-12-24 07:10:21 Moved CDA-3M to planet gram
2013-12-24 07:10:22 Moved CN9-A to planet gram
2013-12-24 07:10:58 Dropship moved from aix-la-chapelle to waddesdon
2013-12-24 07:11:06 Moved CPLT-A1 to dropship 133
2013-12-24 07:11:07 Moved CTF-3D to dropship 133
2013-12-24 07:11:07 Moved HBK-4P to dropship 133
2013-12-24 07:11:07 Moved HGN-733C to dropship 133
2013-12-24 07:11:09 Moved JR7-D to dropship 133
2013-12-24 07:11:10 Moved JR7-F to dropship 133
2013-12-24 07:11:11 Moved STK-M to dropship 133
2013-12-24 07:11:12 Moved VTR-DS to dropship 133
2013-12-24 07:11:57 Moved CDA-3M to dropship 159
2013-12-24 07:11:58 Moved CN9-A to dropship 159
2013-12-24 07:12:18 Moved STK-M to planet gram
2013-12-24 07:12:18 Moved SDR-5D to planet gram
2013-12-24 07:12:20 Moved JR7-F to planet gram
2013-12-24 07:12:21 Moved HGN-732 to planet gram
2013-12-24 07:12:21 Moved HGN-733C to planet gram
2013-12-24 07:12:23 Moved KTO-18 to planet gram
2013-12-24 07:12:24 Moved CTF-3D to planet gram
2013-12-24 07:12:24 Moved HBK-4P to planet gram
2013-12-24 07:12:43 Dropship moved from gram to shirotori
2013-12-24 07:12:49 Moved HBK-4SP to dropship 159
2013-12-24 13:32:15 Dropship moved from tamar to unzmarkt
2013-12-25 11:32:06 Dropship moved from shirotori to gram
2013-12-25 11:33:05 Dropship moved from shitara to aix-la-chapelle
2013-12-25 11:33:20 Dropship moved from waddesdon to aix-la-chapelle
2013-12-25 11:33:44 Moved CDA-3M to planet gram
2013-12-25 11:33:46 Moved CN9-A to planet gram
2013-12-25 11:33:47 Moved HBK-4SP to planet gram
2013-12-25 19:52:15 Dropship moved from unzmarkt to ferleiten
2013-12-26 19:55:10 Dropship moved from ferleiten to kufstein
2013-12-26 19:55:40 Dropship moved from aix-la-chapelle to shitara
2013-12-26 19:55:48 Moved AWS-8Q to dropship 133
2013-12-26 19:55:49 Moved HGN-732 to dropship 133
2013-12-27 19:29:00 Dropship moved from gram to baldur
2013-12-27 20:38:43 Dropship moved from kufstein to hainfield
2013-12-28 11:29:36 Dropship moved from shitara to gram
2013-12-28 11:30:19 Moved AS7-RS to dropship 133
2013-12-28 11:30:22 Moved CDA-3M to dropship 133
2013-12-28 11:30:24 Moved CN9-A to dropship 133
2013-12-28 20:18:43 Dropship moved from baldur to gram
2013-12-28 20:39:51 Dropship moved from hainfield to shirotori
2013-12-28 22:05:21 Sold HGN-732
2013-12-28 22:05:22 Sold HGN-732
2013-12-28 22:05:36 Bought dropship for 256000000
2013-12-28 22:06:16 Dropship moved from shirotori to gram
2013-12-29 16:04:47 Dropship moved from gram to aix-la-chapelle
2013-12-30 08:01:01 Dropship moved from shirotori to gram
2013-12-30 23:13:51 Moved CTF-3D to dropship 159
2013-12-30 23:13:53 Moved CTF-IM to dropship 159
2013-12-30 23:13:53 Moved HBK-4P to dropship 159
2013-12-30 23:13:54 Moved HBK-4SP to dropship 159
2013-12-30 23:13:56 Moved HGN-732 to dropship 159
2013-12-30 23:13:58 Moved HGN-733C to dropship 159
2013-12-30 23:13:59 Moved KTO-18 to dropship 159
2013-12-30 23:14:06 Dropship moved from gram to aix-la-chapelle
2013-12-30 23:14:23 Dropship moved from gram to aix-la-chapelle
2013-12-31 19:13:50 Dropship moved from gram to aix-la-chapelle
2014-01-03 03:35:51 Sold CTF-3D
2014-01-03 03:36:05 Bought dropship for 256000000
2014-01-03 03:36:11 Dropship moved from shirotori to gram
2014-01-03 03:36:24 Dropship moved from aix-la-chapelle to gram
2014-01-03 03:36:31 Dropship moved from aix-la-chapelle to gram
2014-01-03 03:36:36 Dropship moved from aix-la-chapelle to gram
2014-01-03 03:36:44 Dropship moved from aix-la-chapelle to gram
2014-01-03 03:36:49 Dropship moved from aix-la-chapelle to gram
2014-01-03 03:36:55 Dropship moved from aix-la-chapelle to gram
2014-01-03 03:37:08 Dropship moved from aix-la-chapelle to gram
2014-01-03 03:37:14 Dropship moved from aix-la-chapelle to gram
2014-01-03 03:37:37 Moved CDA-2A to dropship 133
2014-01-03 03:37:45 Moved HGN-733C to dropship 200
2014-01-03 03:37:50 Moved JR7-K to dropship 200
2014-01-03 03:37:54 Moved JR7-F to dropship 200
2014-01-03 03:38:01 Moved SDR-5D to dropship 200
2014-01-03 03:38:02 Moved STK-M to dropship 200
2014-01-03 03:44:27 Sold HGN-733C
2014-01-03 03:44:29 Sold JR7-F
2014-01-03 03:44:29 Sold JR7-F
2014-01-03 03:44:30 Sold JR7-K
2014-01-03 03:44:30 Sold JR7-K
2014-01-03 03:44:30 Sold JR7-K
2014-01-03 03:44:31 Sold SDR-5D
2014-01-03 03:44:32 Sold STK-M
2014-01-03 03:44:32 Sold STK-M
2014-01-03 03:44:45 Sold AWS-8R
2014-01-03 03:44:46 Sold CTF-3D
2014-01-03 03:44:46 Sold CTF-3D
2014-01-03 03:44:47 Sold CTF-3D
2014-01-03 03:44:47 Sold CTF-3D
2014-01-03 03:44:47 Sold HBK-4G
2014-01-03 03:44:48 Sold HBK-4P
2014-01-03 03:44:48 Sold HGN-733C
2014-01-03 03:44:49 Sold HGN-733C
2014-01-03 03:44:49 Sold JR7-D
2014-01-03 03:44:50 Sold JR7-F
2014-01-03 03:44:51 Sold JR7-K
2014-01-03 03:44:51 Sold SHD-2H
2014-01-03 03:44:52 Sold SHD-2H
2014-01-03 03:44:52 Sold SHD-2H
2014-01-03 03:44:53 Sold SHD-5M
2014-01-03 03:45:01 Sold BLR-1G
2014-01-03 03:45:02 Sold CDA-2A
2014-01-03 03:45:03 Sold CDA-2A
2014-01-03 03:45:03 Sold CN9-A
2014-01-03 03:45:04 Sold CPLT-A1
2014-01-03 03:45:04 Sold CTF-3D
2014-01-03 03:45:05 Sold CTF-3D
2014-01-03 03:45:05 Sold HBK-4P
2014-01-03 03:45:05 Sold JM6-S
2014-01-03 03:45:06 Sold JR7-D
2014-01-03 03:45:06 Sold JR7-F
2014-01-03 03:45:07 Sold JR7-F
2014-01-03 03:45:07 Sold SDR-5V
2014-01-03 03:45:08 Sold SDR-5V
2014-01-03 03:45:08 Sold VTR-DS
2014-01-03 03:45:09 Sold VTR-DS
2014-01-03 03:45:19 Sold CN9-A
2014-01-03 03:45:20 Sold CTF-3D
2014-01-03 03:45:20 Sold HGN-733C
2014-01-03 03:45:21 Sold HGN-733C
2014-01-03 03:45:22 Sold JM6-S
2014-01-03 03:45:22 Sold JR7-D
2014-01-03 03:45:23 Sold JR7-D
2014-01-03 03:45:23 Sold JR7-F
2014-01-03 03:45:24 Sold JR7-F
2014-01-03 03:45:24 Sold JR7-F
2014-01-03 03:45:25 Sold JR7-K
2014-01-03 03:45:25 Sold JR7-K
2014-01-03 03:45:26 Sold JR7-K
2014-01-03 03:45:26 Sold JR7-K
2014-01-03 03:45:26 Sold KTO-18
2014-01-03 03:45:27 Sold STK-M
2014-01-03 03:45:35 Sold CTF-3D
2014-01-03 03:45:36 Sold CTF-3D
2014-01-03 03:45:37 Sold CTF-IM
2014-01-03 03:45:37 Sold HBK-4P
2014-01-03 03:45:37 Sold HBK-4P
2014-01-03 03:45:38 Sold HBK-4SP
2014-01-03 03:45:38 Sold HBK-4SP
2014-01-03 03:45:39 Sold HGN-732
2014-01-03 03:45:40 Sold HGN-733C
2014-01-03 03:45:41 Sold HGN-733C
2014-01-03 03:45:41 Sold KTO-18
2014-01-03 03:45:42 Sold KTO-18
2014-01-03 03:45:49 Sold BJ-1
2014-01-03 03:45:49 Sold BLR-1S
2014-01-03 03:45:50 Sold CN9-AL
2014-01-03 03:45:50 Sold CN9-AL
2014-01-03 03:45:51 Sold CN9-AL
2014-01-03 03:45:51 Sold CN9-AL
2014-01-03 03:45:52 Sold CN9-AL
2014-01-03 03:45:52 Sold CN9-AL
2014-01-03 03:45:52 Sold CTF-3D
2014-01-03 03:45:53 Sold CTF-3D
2014-01-03 03:45:53 Sold CTF-IM
2014-01-03 03:45:54 Sold CTF-IM
2014-01-03 03:45:54 Sold HGN-733C
2014-01-03 03:45:55 Sold HGN-733C
2014-01-03 03:45:55 Sold JR7-K
2014-01-03 03:45:55 Sold JR7-K
2014-01-03 03:46:02 Sold AS7-D
2014-01-03 03:46:02 Sold AS7-RS
2014-01-03 03:46:03 Sold AS7-RS
2014-01-03 03:46:03 Sold AWS-8R
2014-01-03 03:46:04 Sold BLR-1G
2014-01-03 03:46:04 Sold BLR-1S
2014-01-03 03:46:04 Sold CDA-2A
2014-01-03 03:46:05 Sold CN9-A
2014-01-03 03:46:05 Sold JR7-F
2014-01-03 03:46:06 Sold JR7-F
2014-01-03 03:46:06 Sold JR7-K
2014-01-03 03:46:06 Sold RVN-3L
2014-01-03 03:46:07 Sold SHD-2H
2014-01-03 03:46:07 Sold SHD-2H
2014-01-03 03:46:08 Sold SHD-2H
2014-01-03 03:46:08 Sold SHD-2H
2014-01-03 03:46:15 Sold AS7-RS
2014-01-03 03:46:16 Sold AWS-8Q
2014-01-03 03:46:17 Sold CDA-2A
2014-01-03 03:46:17 Sold CDA-3M
2014-01-03 03:46:18 Sold CN9-A
2014-01-03 03:46:18 Sold CPLT-A1
2014-01-03 03:46:19 Sold CTF-3D
2014-01-03 03:46:19 Sold CTF-3D
2014-01-03 03:46:19 Sold HBK-4P
2014-01-03 03:46:20 Sold HGN-733C
2014-01-03 03:46:20 Sold HGN-733C
2014-01-03 03:46:21 Sold HGN-733C
2014-01-03 03:46:22 Sold HGN-733C
2014-01-03 03:46:22 Sold JR7-D
2014-01-03 03:46:22 Sold JR7-D
2014-01-03 03:46:23 Sold JR7-D
2014-01-03 03:46:23 Sold JR7-D
2014-01-03 03:46:24 Sold JR7-D
2014-01-03 03:46:25 Sold JR7-F
2014-01-03 03:46:25 Sold JR7-K
2014-01-03 03:46:26 Sold JR7-K
2014-01-03 03:46:26 Sold JR7-K
2014-01-03 03:46:26 Sold JR7-K
2014-01-03 03:46:27 Sold SHD-2H
2014-01-03 03:46:27 Sold STK-M
2014-01-03 03:46:27 Sold VTR-DS
2014-01-03 03:46:28 Sold VTR-DS
2014-01-03 03:46:28 Sold VTR-DS
2014-01-03 03:47:11 Bought dropship for 256000000
2014-01-03 03:47:12 Bought dropship for 256000000
2014-01-03 03:47:13 Bought dropship for 256000000
2014-01-03 03:47:14 Bought dropship for 256000000
2014-01-03 03:47:19 Dropship moved from shirotori to gram
2014-01-03 03:47:28 Dropship moved from shirotori to gram
2014-01-03 03:47:33 Dropship moved from shirotori to gram
2014-01-03 03:47:40 Dropship moved from shirotori to gram
