2013-12-17 19:29:33 gman129 accepted attack contract with 3rdworld on ludwig using 01:AS7-D-DC:158, 04:SHD-2D2:158, 03:HGN-733C:157, 01:HGN-732:157, 01:STK-M:157, 02:CTF-3D:158
2013-12-22 01:00:53 Bought HGN-733C
2013-12-22 01:01:00 Bought HGN-732
2013-12-22 01:01:18 Bought RVN-3L
2013-12-22 01:01:32 Bought JR7-F
2013-12-22 01:01:34 Bought JR7-F
2013-12-22 01:01:54 Dropship moved from biham to shitara
2013-12-22 01:02:59 Dropship moved from waddesdon to aix-la-chapelle
2013-12-23 01:54:18 Dropship moved from shitara to ryde
2013-12-23 01:54:31 Dropship moved from aix-la-chapelle to shitara
2013-12-24 11:05:04 Dropship moved from shitara to ryde
2013-12-24 11:05:36 Moved AS7-D to planet ryde
2013-12-24 11:05:37 Moved HGN-732 to planet ryde
2013-12-24 11:05:41 Moved HGN-733C to planet ryde
2013-12-24 11:05:45 Moved JR7-D to planet ryde
2013-12-24 11:05:50 Moved JR7-F to planet ryde
2013-12-24 11:05:51 Moved STK-M to planet ryde
2013-12-24 11:05:52 Moved VTR-DS to planet ryde
2013-12-24 11:05:56 Moved AS7-D-DC to planet ryde
2013-12-24 11:05:57 Moved CTF-3D to planet ryde
2013-12-24 11:06:00 Moved RVN-3L to planet ryde
2013-12-24 11:06:02 Moved SHD-2D2 to planet ryde
2013-12-24 11:06:06 Moved SHD-5M to planet ryde
2013-12-24 11:06:24 Moved AS7-D-DC to dropship 157
2013-12-24 11:06:34 Moved HGN-732 to dropship 158
2013-12-24 11:06:44 Moved HGN-733C to dropship 158
2013-12-24 11:07:28 Moved CTF-3D to dropship 157
2013-12-24 11:07:29 Moved JR7-D to dropship 157
2013-12-24 11:07:34 Moved JR7-D to dropship 158
2013-12-24 11:07:40 Moved JR7-F to dropship 157
2013-12-24 11:07:44 Moved JR7-F to dropship 158
2013-12-24 11:07:45 Moved RVN-3L to dropship 157
2013-12-24 11:07:46 Moved SHD-2D2 to dropship 157
2013-12-24 11:07:49 Moved SHD-5M to dropship 157
2013-12-24 11:07:51 Moved STK-M to dropship 157
2013-12-24 11:07:51 Moved VTR-DS to dropship 157
2013-12-24 11:07:55 Moved VTR-DS to dropship 158
2013-12-24 11:08:18 Moved AS7-D to dropship 157
2013-12-24 11:16:15 Dropship moved from ryde to vega
2013-12-25 14:01:26 Dropship moved from ryde to vega
2013-12-25 14:01:38 Dropship moved from vega to gram
2013-12-25 14:01:52 Bought BJ-1
2013-12-26 19:11:43 Dropship moved from vega to gram
2013-12-26 19:11:55 Bought BJ-1
2014-01-01 00:16:03 Dropship moved from gram to shirotori
2014-01-01 00:16:09 Dropship moved from gram to shirotori
