2013-12-17 10:38:23 Dropship moved from unzmarkt to kirchbach
2013-12-17 10:38:47 Dropship moved from unzmarkt to kufstein
2013-12-18 23:25:21 Dropship moved from kufstein to unzmarkt
2013-12-19 12:35:30 Sold AS7-D-DC
2013-12-19 12:35:36 Bought HGN-733C
2013-12-19 12:35:39 Bought HGN-733C
2013-12-19 12:35:41 Bought HGN-733C
2013-12-19 12:38:17 Sold AS7-D
2013-12-19 12:39:08 Bought QKD-4G
2013-12-19 12:39:11 Bought QKD-4G
2013-12-19 12:39:17 Bought QKD-4G
2013-12-19 12:39:21 Bought QKD-4H
2013-12-19 12:39:29 Bought QKD-4G
2013-12-19 12:39:38 Bought QKD-4H
2013-12-19 23:36:54 Bought HGN-733C
2013-12-19 23:44:03 Sold QKD-4H
2013-12-19 23:44:06 Sold QKD-4H
2013-12-19 23:44:08 Sold QKD-4G
2013-12-19 23:44:10 Sold QKD-4G
2013-12-19 23:44:14 Sold QKD-4G
2013-12-19 23:44:54 Bought HGN-HM
2013-12-19 23:55:32 Dropship moved from kirchbach to unzmarkt
2013-12-19 23:56:56 Dropship moved from unzmarkt to kufstein
2013-12-20 00:26:54 Bought STK-5M
2013-12-20 00:27:33 Sold STK-5M
2013-12-20 00:27:39 Bought STK-M
2013-12-20 00:27:48 Bought STK-3F
2013-12-21 16:49:24 Dropship moved from unzmarkt to memmingen
2013-12-21 16:49:33 Dropship moved from kufstein to memmingen
2013-12-21 19:15:04 Bought HBK-4P
2013-12-21 19:15:22 Bought HBK-4H
2013-12-21 19:15:52 Bought HBK-4H
2013-12-21 19:17:14 Moved VTR-9S to dropship 153
2013-12-21 19:17:22 Moved VTR-9B to dropship 153
2013-12-21 19:17:49 Moved CTF-3D to dropship 153
2013-12-21 19:18:28 Moved CTF-IM to dropship 152
