2013-12-17 10:39:16 Dropship moved from shiloh to new kyoto
2013-12-19 22:26:52 Dropship moved from senftenberg to kitzingen
2013-12-19 22:28:49 Bought STK-5S
2013-12-19 22:28:50 Bought STK-M
2013-12-19 22:28:59 Bought STK-3F
2013-12-19 22:29:00 Bought STK-3F
2013-12-19 22:32:09 Bought AWS-8T
2013-12-19 22:32:15 Bought AWS-8T
2013-12-19 22:32:17 Bought AWS-8R
2013-12-19 22:32:26 Bought AWS-8V
2013-12-24 12:04:26 Moved HGN-HM to planet kitzingen
2013-12-24 12:04:33 Moved CTF-3D to planet kitzingen
2013-12-24 12:04:37 Moved AWS-9M to planet kitzingen
2013-12-24 12:04:42 Moved STK-3F to planet kitzingen
2013-12-24 12:04:43 Moved STK-M to planet kitzingen
2013-12-24 12:04:46 Moved SDR-5K to planet kitzingen
2013-12-24 12:04:49 Moved BJ-1X to planet kitzingen
2013-12-24 12:08:25 Bought ON1-M
2013-12-24 12:08:31 Bought ON1-M
2013-12-24 12:08:39 Moved HGN-HM to dropship 132
2013-12-24 12:09:23 Moved SHD-2D2 to planet kitzingen
2013-12-24 12:09:24 Moved SHD-2H to planet kitzingen
2013-12-24 12:10:15 Dropship moved from kitzingen to arganda
2013-12-24 12:10:29 Moved AWS-PB to planet arganda
2013-12-24 12:10:30 Moved BJ-1 to planet arganda
2013-12-24 12:10:32 Moved CTF-3D to planet arganda
2013-12-24 12:10:34 Moved HGN-HM to planet arganda
2013-12-24 12:10:37 Moved SDR-5K to planet arganda
2013-12-24 12:10:38 Moved JR7-F to planet arganda
2013-12-24 12:10:39 Moved SDR-5V to planet arganda
2013-12-26 19:46:31 Dropship moved from arganda to alcor
2013-12-26 19:47:04 Dropship moved from new kyoto to shiloh
2014-01-08 15:59:54 Dropship moved from shiloh to remulac
