2013-12-17 01:39:26 Bought HGN-HM
2013-12-17 01:39:34 Bought HGN-HM
2013-12-17 01:40:01 Bought CPLT-K2
2013-12-17 01:40:07 Bought CPLT-K2
2013-12-17 01:42:00 Dropship moved from ardoz to tukayyid
2013-12-17 01:43:07 Bought STK-3F
2013-12-17 01:43:11 Bought STK-3F
2013-12-17 01:43:48 Moved STK-3F to dropship 177
2013-12-18 14:57:03 Dropship moved from tukayyid to shirotori
2013-12-19 18:00:22 Dropship moved from shirotori to vega
2013-12-20 21:27:18 Dropship moved from vega to shitara
2013-12-22 02:58:52 Dropship moved from shitara to biham
2013-12-22 19:47:10 Dropship moved from hainfield to shirotori
2013-12-22 19:47:51 Bought HGN-733C
2013-12-22 19:48:14 Bought AS7-D-DC
2013-12-23 22:20:55 Dropship moved from shirotori to vega
2013-12-23 22:21:44 Dropship moved from biham to terra
2013-12-24 23:24:14 Dropship moved from vega to shitara
2013-12-24 23:25:25 Dropship moved from terra to terra firma
2013-12-26 02:05:29 Dropship moved from terra firma to genoa
2013-12-26 02:05:51 Dropship moved from shitara to biham
2013-12-27 18:23:51 Dropship moved from genoa to menkar
2013-12-31 00:27:48 Dropship moved from biham to ozawa
2014-01-09 01:14:03 Dropship moved from menkar to acala
2014-01-09 01:14:33 Dropship moved from ozawa to kentares iv
2014-01-13 23:24:59 Dropship moved from kentares iv to farwell
2014-01-23 22:25:22 Dropship moved from farwell to bell
2014-01-23 22:25:50 Dropship moved from acala to bethel
