2013-12-18 09:48:21 Moved AS7-D-DC to dropship 161
2013-12-19 12:16:07 Moved AS7-D-DC to planet port moseby
2013-12-19 12:16:09 Moved CPLT-A1 to planet port moseby
2013-12-19 12:16:10 Moved CPLT-C1 to planet port moseby
2013-12-19 12:16:13 Moved CPLT-K2 to planet port moseby
2013-12-19 12:16:21 Moved HGN-733C to planet port moseby
2013-12-19 12:16:24 Moved KTO-18 to planet port moseby
2013-12-19 12:16:25 Moved KTO-19 to planet port moseby
2013-12-19 12:16:25 Moved KTO-20 to planet port moseby
2013-12-19 12:16:26 Moved RVN-3L to planet port moseby
2013-12-19 12:16:27 Moved SDR-5D to planet port moseby
2013-12-19 12:22:19 Moved AS7-D-DC to dropship 162
2013-12-19 12:22:20 Moved CPLT-A1 to dropship 161
2013-12-19 12:22:22 Moved CPLT-C1 to dropship 161
2013-12-19 12:22:23 Moved CPLT-K2 to dropship 161
2013-12-19 12:22:28 Moved HGN-733C to dropship 161
2013-12-19 12:22:31 Moved KTO-18 to dropship 161
2013-12-19 12:22:32 Moved KTO-19 to dropship 161
2013-12-19 12:22:32 Moved KTO-20 to dropship 161
2013-12-19 12:22:33 Moved RVN-3L to dropship 161
2013-12-19 12:30:57 Bought COM-2D
2013-12-19 12:31:01 Moved COM-2D to dropship 161
2013-12-19 12:31:59 Moved AS7-D-DC to dropship 161
2013-12-19 12:32:28 Sold SDR-5D
2013-12-20 03:41:04 Dropship moved from port moseby to shirotori
2013-12-20 03:57:21 Dropship moved from port moseby to shirotori
2013-12-22 08:40:17 Sold KTO-19
2013-12-22 08:40:50 Dropship moved from shirotori to vega
2013-12-22 08:41:12 Dropship moved from shirotori to ardoz
2013-12-23 07:26:31 Bought JR7-D
2013-12-23 07:26:42 Sold SDR-5D
2013-12-23 07:26:43 Bought JR7-D
2013-12-24 05:07:05 Dropship moved from ardoz to kanowit
2013-12-24 05:07:30 Dropship moved from vega to gram
2013-12-28 10:37:58 Dropship moved from gram to maule
2013-12-28 10:38:42 Dropship moved from kanowit to peacock
2013-12-30 02:17:38 Dropship moved from maule to ardoz
2013-12-31 08:23:01 Dropship moved from ardoz to kanowit
2014-01-25 07:39:46 Bought HGN-733C
