2013-12-17 14:20:03 Dropship moved from turtle bay to savinsville
2013-12-17 14:20:27 Bought BJ-1
2013-12-17 14:20:28 Bought BJ-1
2013-12-17 14:20:30 Moved BJ-1 to dropship 197
2013-12-18 15:31:19 Dropship moved from savinsville to albiero
2013-12-19 15:08:10 Bought CN9-A
2013-12-19 15:08:11 Bought CN9-YLW
2013-12-19 15:08:14 Moved CN9-A to dropship 197
2013-12-19 15:08:15 Moved CN9-YLW to dropship 197
2013-12-19 15:41:20 Bought DGN-FL
2013-12-19 15:41:23 Bought DGN-1N
2013-12-19 15:41:25 Moved DGN-1N to dropship 197
2013-12-19 15:41:36 Dropship moved from albiero to jeronimo
2013-12-19 15:42:23 Bought KTO-18
2013-12-19 15:42:29 Bought CPLT-C4
2013-12-19 15:42:31 Bought CPLT-C4
2013-12-19 15:42:40 Sold CPLT-C4
2013-12-19 15:42:42 Sold CPLT-C4
2013-12-19 15:42:50 Bought CPLT-C1
2013-12-19 15:42:52 Bought CPLT-C1
2013-12-19 15:42:54 Bought CPLT-K2
2013-12-19 15:42:56 Moved CPLT-C1 to dropship 197
2013-12-19 15:42:57 Moved CPLT-K2 to dropship 197
2013-12-19 15:42:57 Moved KTO-18 to dropship 197
2013-12-20 17:59:39 Dropship moved from jeronimo to brocchi cluster
2013-12-20 17:59:57 Bought BLR-1S
2013-12-20 18:00:00 Bought BLR-1D
2013-12-20 18:00:04 Bought BLR-1S
2013-12-20 18:00:06 Moved BLR-1D to dropship 197
